<?xml version="1.0" encoding="UTF-8"?>
<!-- Generated by org.testng.reporters.JUnitReportReporter -->
<testsuite hostname="DESKTOP-4V8ALNI" name="driverFactory.DriverScript" tests="1" failures="0" timestamp="10 Jul 2022 18:18:17 GMT" time="14.773" errors="0">
  <testcase name="stratTest" time="14.773" classname="driverFactory.DriverScript"/>
</testsuite> <!-- driverFactory.DriverScript -->
