<?xml version="1.0" encoding="UTF-8"?>
<!-- Generated by org.testng.reporters.JUnitReportReporter -->
<testsuite hostname="DESKTOP-4V8ALNI" name="driverFactory.TestScript" tests="1" failures="0" timestamp="10 Jul 2022 19:16:15 GMT" time="29.409" errors="0">
  <testcase name="validateemp" time="29.409" classname="driverFactory.TestScript"/>
</testsuite> <!-- driverFactory.TestScript -->
